2022.08.01 01:08:07 INFO  tracing is disabled for protocol LSP, to enable tracing of incoming and outgoing JSON messages create an empty file at d:\UCSC\2nd Year\SCS 2204 - Functional Programming\Tutorials\Tutorial 4\.metals\lsp.trace.json or C:\Users\SINGER\AppData\Local\scalameta\metals\cache\lsp.trace.json
2022.08.01 01:08:10 INFO  logging to file D:\UCSC\2nd Year\SCS 2204 - Functional Programming\Tutorials\Tutorial 4\.metals\metals.log
2022.08.01 01:08:10 INFO  Started: Metals version 0.11.7 in workspace 'D:\UCSC\2nd Year\SCS 2204 - Functional Programming\Tutorials\Tutorial 4' for client Visual Studio Code 1.69.2.
2022.08.01 01:08:12 INFO  time: initialize in 1.84s
2022.08.01 01:08:12 WARN  Flyway upgrade recommended: H2 2.1.214 is newer than this version of Flyway and support has not been tested. The latest supported version of H2 is 2.1.210.
2022.08.01 01:08:13 WARN  Build server is not auto-connectable.
2022.08.01 01:08:13 WARN  no build tool detected in workspace 'D:\UCSC\2nd Year\SCS 2204 - Functional Programming\Tutorials\Tutorial 4'. The most common cause for this problem is that the editor was opened in the wrong working directory, for example if you use sbt then the workspace directory should contain build.sbt. 
2022.08.01 01:08:15 WARN  no build target for: D:\UCSC\2nd Year\SCS 2204 - Functional Programming\Tutorials\Tutorial 4\q1.scala
2022.08.01 01:08:32 INFO  no build target found for D:\UCSC\2nd Year\SCS 2204 - Functional Programming\Tutorials\Tutorial 4\q1.scala. Using presentation compiler with project's scala-library version: 3.1.3
2022.08.01 01:08:36 INFO  time: code lens generation in 19s
2022.08.01 01:08:36 INFO  time: code lens generation in 19s
2022.08.01 01:08:36 INFO  time: code lens generation in 5.88s
2022.08.01 01:08:36 INFO  time: code lens generation in 5.88s
2022.08.01 01:21:07 WARN  no build target for: D:\UCSC\2nd Year\SCS 2204 - Functional Programming\Tutorials\Tutorial 4\q1.scala
2022.08.01 01:24:36 WARN  no build target for: D:\UCSC\2nd Year\SCS 2204 - Functional Programming\Tutorials\Tutorial 4\q1.scala
2022.08.01 01:25:15 WARN  no build target for: D:\UCSC\2nd Year\SCS 2204 - Functional Programming\Tutorials\Tutorial 4\q1.scala
2022.08.01 01:31:09 WARN  no build target for: D:\UCSC\2nd Year\SCS 2204 - Functional Programming\Tutorials\Tutorial 4\q1.scala
2022.08.01 01:31:38 WARN  no build target for: D:\UCSC\2nd Year\SCS 2204 - Functional Programming\Tutorials\Tutorial 4\q1.scala
2022.08.01 01:33:23 WARN  no build target for: D:\UCSC\2nd Year\SCS 2204 - Functional Programming\Tutorials\Tutorial 4\q1.scala
2022.08.01 01:33:44 WARN  no build target for: D:\UCSC\2nd Year\SCS 2204 - Functional Programming\Tutorials\Tutorial 4\q1.scala
2022.08.01 01:38:45 WARN  no build target for: D:\UCSC\2nd Year\SCS 2204 - Functional Programming\Tutorials\Tutorial 4\q1.scala
2022.08.01 01:39:14 WARN  no build target for: D:\UCSC\2nd Year\SCS 2204 - Functional Programming\Tutorials\Tutorial 4\q1.scala
2022.08.01 01:41:19 WARN  no build target for: D:\UCSC\2nd Year\SCS 2204 - Functional Programming\Tutorials\Tutorial 4\q2.scala
2022.08.01 01:43:18 INFO  shutting down Metals
2022.08.01 08:17:46 INFO  tracing is disabled for protocol LSP, to enable tracing of incoming and outgoing JSON messages create an empty file at d:\UCSC\2nd Year\SCS 2204 - Functional Programming\Tutorials\Tutorial 4\.metals\lsp.trace.json or C:\Users\SINGER\AppData\Local\scalameta\metals\cache\lsp.trace.json
2022.08.01 08:17:49 INFO  logging to file D:\UCSC\2nd Year\SCS 2204 - Functional Programming\Tutorials\Tutorial 4\.metals\metals.log
2022.08.01 08:17:49 INFO  Started: Metals version 0.11.7 in workspace 'D:\UCSC\2nd Year\SCS 2204 - Functional Programming\Tutorials\Tutorial 4' for client Visual Studio Code 1.69.2.
2022.08.01 08:17:50 INFO  time: initialize in 1.02s
2022.08.01 08:17:52 WARN  Flyway upgrade recommended: H2 2.1.214 is newer than this version of Flyway and support has not been tested. The latest supported version of H2 is 2.1.210.
2022.08.01 08:17:53 WARN  Build server is not auto-connectable.
2022.08.01 08:17:53 WARN  no build tool detected in workspace 'D:\UCSC\2nd Year\SCS 2204 - Functional Programming\Tutorials\Tutorial 4'. The most common cause for this problem is that the editor was opened in the wrong working directory, for example if you use sbt then the workspace directory should contain build.sbt. 
2022.08.01 08:17:56 WARN  no build target for: D:\UCSC\2nd Year\SCS 2204 - Functional Programming\Tutorials\Tutorial 4\q2.scala
2022.08.01 08:18:07 INFO  no build target found for D:\UCSC\2nd Year\SCS 2204 - Functional Programming\Tutorials\Tutorial 4\q2.scala. Using presentation compiler with project's scala-library version: 3.1.3
2022.08.01 08:18:09 INFO  time: code lens generation in 11s
2022.08.01 08:18:09 INFO  time: code lens generation in 11s
2022.08.01 08:31:24 WARN  no build target for: D:\UCSC\2nd Year\SCS 2204 - Functional Programming\Tutorials\Tutorial 4\q1.scala
Aug 01, 2022 8:31:25 AM org.eclipse.lsp4j.jsonrpc.RemoteEndpoint handleCancellation
WARNING: Unmatched cancel notification for request id 7
Aug 01, 2022 8:31:38 AM org.eclipse.lsp4j.jsonrpc.RemoteEndpoint handleCancellation
WARNING: Unmatched cancel notification for request id 17
2022.08.01 08:38:14 WARN  no build target for: D:\UCSC\2nd Year\SCS 2204 - Functional Programming\Tutorials\Tutorial 4\q2.scala
2022.08.01 08:38:34 WARN  no build target for: D:\UCSC\2nd Year\SCS 2204 - Functional Programming\Tutorials\Tutorial 4\q2.scala
2022.08.01 08:39:15 WARN  no build target for: D:\UCSC\2nd Year\SCS 2204 - Functional Programming\Tutorials\Tutorial 4\q2.scala
2022.08.01 20:53:27 INFO  tracing is disabled for protocol LSP, to enable tracing of incoming and outgoing JSON messages create an empty file at d:\UCSC\2nd Year\SCS 2204 - Functional Programming\Tutorials\Tutorial 4\.metals\lsp.trace.json or C:\Users\SINGER\AppData\Local\scalameta\metals\cache\lsp.trace.json
2022.08.01 20:53:29 INFO  logging to file D:\UCSC\2nd Year\SCS 2204 - Functional Programming\Tutorials\Tutorial 4\.metals\metals.log
2022.08.01 20:53:29 INFO  Started: Metals version 0.11.7 in workspace 'D:\UCSC\2nd Year\SCS 2204 - Functional Programming\Tutorials\Tutorial 4' for client Visual Studio Code 1.69.2.
2022.08.01 20:53:32 INFO  time: initialize in 2.82s
2022.08.01 20:53:37 WARN  Flyway upgrade recommended: H2 2.1.214 is newer than this version of Flyway and support has not been tested. The latest supported version of H2 is 2.1.210.
2022.08.01 20:53:38 WARN  Build server is not auto-connectable.
2022.08.01 20:53:38 WARN  no build tool detected in workspace 'D:\UCSC\2nd Year\SCS 2204 - Functional Programming\Tutorials\Tutorial 4'. The most common cause for this problem is that the editor was opened in the wrong working directory, for example if you use sbt then the workspace directory should contain build.sbt. 
2022.08.01 20:53:41 WARN  no build target for: D:\UCSC\2nd Year\SCS 2204 - Functional Programming\Tutorials\Tutorial 4\q2.scala
2022.08.01 20:53:50 INFO  no build target found for D:\UCSC\2nd Year\SCS 2204 - Functional Programming\Tutorials\Tutorial 4\q2.scala. Using presentation compiler with project's scala-library version: 3.1.3
2022.08.01 20:53:55 INFO  time: code lens generation in 13s
2022.08.01 21:04:06 WARN  no build target for: D:\UCSC\2nd Year\SCS 2204 - Functional Programming\Tutorials\Tutorial 4\q3.scala
Aug 01, 2022 9:52:07 PM org.eclipse.lsp4j.jsonrpc.RemoteEndpoint handleCancellation
WARNING: Unmatched cancel notification for request id 860
Aug 01, 2022 9:56:24 PM org.eclipse.lsp4j.jsonrpc.RemoteEndpoint handleCancellation
WARNING: Unmatched cancel notification for request id 1112
Aug 01, 2022 10:10:20 PM org.eclipse.lsp4j.jsonrpc.RemoteEndpoint fallbackResponseError
SEVERE: Internal error: java.lang.reflect.InvocationTargetException
java.lang.RuntimeException: java.lang.reflect.InvocationTargetException
	at org.eclipse.lsp4j.jsonrpc.services.GenericEndpoint.lambda$null$0(GenericEndpoint.java:67)
	at org.eclipse.lsp4j.jsonrpc.services.GenericEndpoint.request(GenericEndpoint.java:120)
	at org.eclipse.lsp4j.jsonrpc.RemoteEndpoint.handleRequest(RemoteEndpoint.java:261)
	at org.eclipse.lsp4j.jsonrpc.RemoteEndpoint.consume(RemoteEndpoint.java:190)
	at org.eclipse.lsp4j.jsonrpc.json.StreamMessageProducer.handleMessage(StreamMessageProducer.java:194)
	at org.eclipse.lsp4j.jsonrpc.json.StreamMessageProducer.listen(StreamMessageProducer.java:94)
	at org.eclipse.lsp4j.jsonrpc.json.ConcurrentMessageProcessor.run(ConcurrentMessageProcessor.java:113)
	at java.base/java.util.concurrent.Executors$RunnableAdapter.call(Executors.java:515)
	at java.base/java.util.concurrent.FutureTask.run(FutureTask.java:264)
	at java.base/java.util.concurrent.ThreadPoolExecutor.runWorker(ThreadPoolExecutor.java:1130)
	at java.base/java.util.concurrent.ThreadPoolExecutor$Worker.run(ThreadPoolExecutor.java:630)
	at java.base/java.lang.Thread.run(Thread.java:831)
Caused by: java.lang.reflect.InvocationTargetException
	at jdk.internal.reflect.GeneratedMethodAccessor5.invoke(Unknown Source)
	at java.base/jdk.internal.reflect.DelegatingMethodAccessorImpl.invoke(DelegatingMethodAccessorImpl.java:43)
	at java.base/java.lang.reflect.Method.invoke(Method.java:567)
	at org.eclipse.lsp4j.jsonrpc.services.GenericEndpoint.lambda$null$0(GenericEndpoint.java:65)
	... 11 more
Caused by: java.lang.IllegalArgumentException: 22 is not a valid line number, allowed [0..21]
	at scala.meta.internal.inputs.InternalInput.lineToOffset(InternalInput.scala:37)
	at scala.meta.internal.inputs.InternalInput.lineToOffset$(InternalInput.scala:32)
	at scala.meta.inputs.Input$VirtualFile.lineToOffset(Input.scala:80)
	at scala.meta.inputs.Position$Range$.apply(Position.scala:59)
	at scala.meta.internal.mtags.MtagsEnrichments$XtensionPositionLspInverse.toMeta(MtagsEnrichments.scala:179)
	at scala.meta.internal.parsing.Trees.$anonfun$findLastEnclosingAt$4(Trees.scala:77)
	at scala.Option.flatMap(Option.scala:283)
	at scala.meta.internal.parsing.Trees.findLastEnclosingAt(Trees.scala:76)
	at scala.meta.internal.metals.codeactions.PatternMatchRefactor.contribute(PatternMatchRefactor.scala:96)
	at scala.meta.internal.metals.CodeActionProvider$$anonfun$1.applyOrElse(CodeActionProvider.scala:66)
	at scala.meta.internal.metals.CodeActionProvider$$anonfun$1.applyOrElse(CodeActionProvider.scala:65)
	at scala.collection.immutable.List.collect(List.scala:275)
	at scala.meta.internal.metals.CodeActionProvider.codeActions(CodeActionProvider.scala:65)
	at scala.meta.internal.metals.MetalsLanguageServer.$anonfun$codeAction$1(MetalsLanguageServer.scala:1652)
	at scala.meta.internal.metals.CancelTokens$.future(CancelTokens.scala:38)
	at scala.meta.internal.metals.MetalsLanguageServer.codeAction(MetalsLanguageServer.scala:1651)
	... 15 more

2022.08.01 22:14:23 WARN  no build target for: D:\UCSC\2nd Year\SCS 2204 - Functional Programming\Tutorials\Tutorial 4\q3.scala
2022.08.01 22:16:45 WARN  no build target for: D:\UCSC\2nd Year\SCS 2204 - Functional Programming\Tutorials\Tutorial 4\q3.scala
2022.08.01 22:20:21 WARN  no build target for: D:\UCSC\2nd Year\SCS 2204 - Functional Programming\Tutorials\Tutorial 4\q3.scala
2022.08.01 22:22:10 WARN  no build target for: D:\UCSC\2nd Year\SCS 2204 - Functional Programming\Tutorials\Tutorial 4\q3.scala
2022.08.01 22:22:23 WARN  no build target for: D:\UCSC\2nd Year\SCS 2204 - Functional Programming\Tutorials\Tutorial 4\q3.scala
