2022.07.27 16:56:51 INFO  tracing is disabled for protocol LSP, to enable tracing of incoming and outgoing JSON messages create an empty file at d:\UCSC\2nd Year\SCS 2204 - Functional Programming\Tutorials\Tutorial 3\.metals\lsp.trace.json or C:\Users\SINGER\AppData\Local\scalameta\metals\cache\lsp.trace.json
2022.07.27 16:56:53 INFO  logging to file D:\UCSC\2nd Year\SCS 2204 - Functional Programming\Tutorials\Tutorial 3\.metals\metals.log
2022.07.27 16:56:53 INFO  Started: Metals version 0.11.7 in workspace 'D:\UCSC\2nd Year\SCS 2204 - Functional Programming\Tutorials\Tutorial 3' for client Visual Studio Code 1.69.2.
2022.07.27 16:56:55 INFO  time: initialize in 1.46s
2022.07.27 16:56:55 WARN  Flyway upgrade recommended: H2 2.1.214 is newer than this version of Flyway and support has not been tested. The latest supported version of H2 is 2.1.210.
2022.07.27 16:56:56 WARN  Build server is not auto-connectable.
2022.07.27 16:56:56 WARN  no build tool detected in workspace 'D:\UCSC\2nd Year\SCS 2204 - Functional Programming\Tutorials\Tutorial 3'. The most common cause for this problem is that the editor was opened in the wrong working directory, for example if you use sbt then the workspace directory should contain build.sbt. 
2022.07.27 16:57:00 WARN  no build target for: D:\UCSC\2nd Year\SCS 2204 - Functional Programming\Tutorials\Tutorial 3\q1.scala
2022.07.27 16:57:23 INFO  no build target found for D:\UCSC\2nd Year\SCS 2204 - Functional Programming\Tutorials\Tutorial 3\q1.scala. Using presentation compiler with project's scala-library version: 3.1.3
2022.07.27 16:57:30 INFO  time: code lens generation in 28s
2022.07.27 16:57:30 INFO  time: code lens generation in 28s
2022.07.27 17:03:48 WARN  no build target for: D:\UCSC\2nd Year\SCS 2204 - Functional Programming\Tutorials\Tutorial 3\q5.scala
2022.07.27 17:07:49 WARN  no build target for: D:\UCSC\2nd Year\SCS 2204 - Functional Programming\Tutorials\Tutorial 3\q1.scala
Jul 27, 2022 5:18:25 PM org.eclipse.lsp4j.jsonrpc.services.GenericEndpoint notify
INFO: Unsupported notification method: $/setTrace
2022.07.27 17:23:45 WARN  no build target for: D:\UCSC\2nd Year\SCS 2204 - Functional Programming\Tutorials\Tutorial 3\q5.scala
2022.07.27 17:26:58 WARN  no build target for: D:\UCSC\2nd Year\SCS 2204 - Functional Programming\Tutorials\Tutorial 3\q1.scala
2022.07.27 17:27:00 WARN  no build target for: D:\UCSC\2nd Year\SCS 2204 - Functional Programming\Tutorials\Tutorial 3\q2.scala
2022.07.27 17:27:02 WARN  no build target for: D:\UCSC\2nd Year\SCS 2204 - Functional Programming\Tutorials\Tutorial 3\q3.scala
2022.07.27 17:33:15 WARN  no build target for: D:\UCSC\2nd Year\SCS 2204 - Functional Programming\Tutorials\Tutorial 3\q5.scala
2022.07.27 17:37:43 WARN  no build target for: D:\UCSC\2nd Year\SCS 2204 - Functional Programming\Tutorials\Tutorial 3\q3.scala
2022.07.27 18:13:08 WARN  no build target for: D:\UCSC\2nd Year\SCS 2204 - Functional Programming\Tutorials\Tutorial 3\q1.scala
Jul 27, 2022 6:14:27 PM org.eclipse.lsp4j.jsonrpc.RemoteEndpoint handleCancellation
WARNING: Unmatched cancel notification for request id 167
Jul 27, 2022 6:14:36 PM org.eclipse.lsp4j.jsonrpc.RemoteEndpoint handleCancellation
WARNING: Unmatched cancel notification for request id 180
2022.07.27 18:17:50 INFO  shutting down Metals
